warning: Tag 'CLASS_DIAGRAMS' at line 33 of file 'Doxyfile' has become obsolete.
         To avoid this warning please remove this line from your configuration file or upgrade it using "doxygen -u"
warning: tag INPUT: input source 'lib' does not exist
warning: source 'lib' is not a readable file or directory... skipping.
/Users/sergeybarabash/robo/tempMeasure/src/ConfigManager.cpp:10: warning: multiple use of section label 'dependencies' while adding section, (first occurrence: /Users/sergeybarabash/robo/tempMeasure/src/Alarm.cpp, line 9)
/Users/sergeybarabash/robo/tempMeasure/src/CSVConfigManager.cpp:9: warning: multiple use of section label 'dependencies' while adding section, (first occurrence: /Users/sergeybarabash/robo/tempMeasure/src/Alarm.cpp, line 9)
/Users/sergeybarabash/robo/tempMeasure/src/IndicatorInterface.cpp:9: warning: multiple use of section label 'dependencies' while adding section, (first occurrence: /Users/sergeybarabash/robo/tempMeasure/src/Alarm.cpp, line 9)
/Users/sergeybarabash/robo/tempMeasure/src/IndicatorInterface.cpp:15: warning: multiple use of section label 'hardware' while adding section, (first occurrence: /Users/sergeybarabash/robo/tempMeasure/src/Alarm.cpp, line 13)
/Users/sergeybarabash/robo/tempMeasure/src/LoggerManager.cpp:9: warning: multiple use of section label 'dependencies' while adding section, (first occurrence: /Users/sergeybarabash/robo/tempMeasure/src/Alarm.cpp, line 9)
/Users/sergeybarabash/robo/tempMeasure/src/LoggerManager.cpp:15: warning: multiple use of section label 'features' while adding section, (first occurrence: /Users/sergeybarabash/robo/tempMeasure/src/ConfigManager.cpp, line 16)
/Users/sergeybarabash/robo/tempMeasure/src/main.cpp:9: warning: multiple use of section label 'dependencies' while adding section, (first occurrence: /Users/sergeybarabash/robo/tempMeasure/src/Alarm.cpp, line 9)
/Users/sergeybarabash/robo/tempMeasure/src/main.cpp:17: warning: multiple use of section label 'hardware' while adding section, (first occurrence: /Users/sergeybarabash/robo/tempMeasure/src/Alarm.cpp, line 13)
/Users/sergeybarabash/robo/tempMeasure/src/MeasurementPoint.cpp:9: warning: multiple use of section label 'dependencies' while adding section, (first occurrence: /Users/sergeybarabash/robo/tempMeasure/src/Alarm.cpp, line 9)
/Users/sergeybarabash/robo/tempMeasure/src/MeasurementPoint.cpp:13: warning: multiple use of section label 'features' while adding section, (first occurrence: /Users/sergeybarabash/robo/tempMeasure/src/ConfigManager.cpp, line 16)
/Users/sergeybarabash/robo/tempMeasure/src/RegisterMap.cpp:9: warning: multiple use of section label 'dependencies' while adding section, (first occurrence: /Users/sergeybarabash/robo/tempMeasure/src/Alarm.cpp, line 9)
/Users/sergeybarabash/robo/tempMeasure/src/RegisterMap.cpp:13: warning: multiple use of section label 'hardware' while adding section, (first occurrence: /Users/sergeybarabash/robo/tempMeasure/src/Alarm.cpp, line 13)
/Users/sergeybarabash/robo/tempMeasure/src/Sensor.cpp:9: warning: multiple use of section label 'dependencies' while adding section, (first occurrence: /Users/sergeybarabash/robo/tempMeasure/src/Alarm.cpp, line 9)
/Users/sergeybarabash/robo/tempMeasure/src/Sensor.cpp:14: warning: multiple use of section label 'hardware' while adding section, (first occurrence: /Users/sergeybarabash/robo/tempMeasure/src/Alarm.cpp, line 13)
/Users/sergeybarabash/robo/tempMeasure/src/SettingsCSVManager.cpp:9: warning: multiple use of section label 'dependencies' while adding section, (first occurrence: /Users/sergeybarabash/robo/tempMeasure/src/Alarm.cpp, line 9)
/Users/sergeybarabash/robo/tempMeasure/src/SettingsCSVManager.cpp:13: warning: multiple use of section label 'format' while adding section, (first occurrence: /Users/sergeybarabash/robo/tempMeasure/src/CSVConfigManager.cpp, line 14)
/Users/sergeybarabash/robo/tempMeasure/src/TemperatureController.cpp:9: warning: multiple use of section label 'dependencies' while adding section, (first occurrence: /Users/sergeybarabash/robo/tempMeasure/src/Alarm.cpp, line 9)
/Users/sergeybarabash/robo/tempMeasure/src/TemperatureController.cpp:15: warning: multiple use of section label 'hardware' while adding section, (first occurrence: /Users/sergeybarabash/robo/tempMeasure/src/Alarm.cpp, line 13)
/Users/sergeybarabash/robo/tempMeasure/src/TempModbusServer.cpp:10: warning: multiple use of section label 'dependencies' while adding section, (first occurrence: /Users/sergeybarabash/robo/tempMeasure/src/Alarm.cpp, line 9)
/Users/sergeybarabash/robo/tempMeasure/src/TempModbusServer.cpp:16: warning: multiple use of section label 'hardware' while adding section, (first occurrence: /Users/sergeybarabash/robo/tempMeasure/src/Alarm.cpp, line 13)
/Users/sergeybarabash/robo/tempMeasure/src/TimeManager.cpp:9: warning: multiple use of section label 'dependencies' while adding section, (first occurrence: /Users/sergeybarabash/robo/tempMeasure/src/Alarm.cpp, line 9)
/Users/sergeybarabash/robo/tempMeasure/src/TimeManager.cpp:16: warning: multiple use of section label 'hardware' while adding section, (first occurrence: /Users/sergeybarabash/robo/tempMeasure/src/Alarm.cpp, line 13)
/Users/sergeybarabash/robo/tempMeasure/include/Alarm.h:9: warning: multiple use of section label 'dependencies' while adding section, (first occurrence: /Users/sergeybarabash/robo/tempMeasure/src/Alarm.cpp, line 9)
/Users/sergeybarabash/robo/tempMeasure/include/Alarm.h:14: warning: multiple use of section label 'hardware' while adding section, (first occurrence: /Users/sergeybarabash/robo/tempMeasure/src/Alarm.cpp, line 13)
/Users/sergeybarabash/robo/tempMeasure/include/ConfigManager.h:9: warning: multiple use of section label 'dependencies' while adding section, (first occurrence: /Users/sergeybarabash/robo/tempMeasure/src/Alarm.cpp, line 9)
/Users/sergeybarabash/robo/tempMeasure/include/ConfigManager.h:15: warning: multiple use of section label 'hardware' while adding section, (first occurrence: /Users/sergeybarabash/robo/tempMeasure/src/Alarm.cpp, line 13)
/Users/sergeybarabash/robo/tempMeasure/include/CSVConfigManager.h:9: warning: multiple use of section label 'dependencies' while adding section, (first occurrence: /Users/sergeybarabash/robo/tempMeasure/src/Alarm.cpp, line 9)
/Users/sergeybarabash/robo/tempMeasure/include/CSVConfigManager.h:13: warning: multiple use of section label 'hardware' while adding section, (first occurrence: /Users/sergeybarabash/robo/tempMeasure/src/Alarm.cpp, line 13)
/Users/sergeybarabash/robo/tempMeasure/include/IndicatorInterface.h:9: warning: multiple use of section label 'dependencies' while adding section, (first occurrence: /Users/sergeybarabash/robo/tempMeasure/src/Alarm.cpp, line 9)
/Users/sergeybarabash/robo/tempMeasure/include/IndicatorInterface.h:14: warning: multiple use of section label 'hardware' while adding section, (first occurrence: /Users/sergeybarabash/robo/tempMeasure/src/Alarm.cpp, line 13)
/Users/sergeybarabash/robo/tempMeasure/include/LoggerManager.h:9: warning: multiple use of section label 'dependencies' while adding section, (first occurrence: /Users/sergeybarabash/robo/tempMeasure/src/Alarm.cpp, line 9)
/Users/sergeybarabash/robo/tempMeasure/include/LoggerManager.h:14: warning: multiple use of section label 'hardware' while adding section, (first occurrence: /Users/sergeybarabash/robo/tempMeasure/src/Alarm.cpp, line 13)
/Users/sergeybarabash/robo/tempMeasure/include/MeasurementPoint.h:9: warning: multiple use of section label 'dependencies' while adding section, (first occurrence: /Users/sergeybarabash/robo/tempMeasure/src/Alarm.cpp, line 9)
/Users/sergeybarabash/robo/tempMeasure/include/MeasurementPoint.h:13: warning: multiple use of section label 'hardware' while adding section, (first occurrence: /Users/sergeybarabash/robo/tempMeasure/src/Alarm.cpp, line 13)
/Users/sergeybarabash/robo/tempMeasure/include/RegisterMap.h:10: warning: multiple use of section label 'dependencies' while adding section, (first occurrence: /Users/sergeybarabash/robo/tempMeasure/src/Alarm.cpp, line 9)
/Users/sergeybarabash/robo/tempMeasure/include/RegisterMap.h:13: warning: multiple use of section label 'hardware' while adding section, (first occurrence: /Users/sergeybarabash/robo/tempMeasure/src/Alarm.cpp, line 13)
/Users/sergeybarabash/robo/tempMeasure/include/Sensor.h:10: warning: multiple use of section label 'dependencies' while adding section, (first occurrence: /Users/sergeybarabash/robo/tempMeasure/src/Alarm.cpp, line 9)
/Users/sergeybarabash/robo/tempMeasure/include/Sensor.h:15: warning: multiple use of section label 'hardware' while adding section, (first occurrence: /Users/sergeybarabash/robo/tempMeasure/src/Alarm.cpp, line 13)
/Users/sergeybarabash/robo/tempMeasure/include/SettingsCSVManager.h:9: warning: multiple use of section label 'dependencies' while adding section, (first occurrence: /Users/sergeybarabash/robo/tempMeasure/src/Alarm.cpp, line 9)
/Users/sergeybarabash/robo/tempMeasure/include/SettingsCSVManager.h:13: warning: multiple use of section label 'features' while adding section, (first occurrence: /Users/sergeybarabash/robo/tempMeasure/src/ConfigManager.cpp, line 16)
/Users/sergeybarabash/robo/tempMeasure/include/TemperatureController.h:11: warning: multiple use of section label 'dependencies' while adding section, (first occurrence: /Users/sergeybarabash/robo/tempMeasure/src/Alarm.cpp, line 9)
/Users/sergeybarabash/robo/tempMeasure/include/TemperatureController.h:17: warning: multiple use of section label 'hardware' while adding section, (first occurrence: /Users/sergeybarabash/robo/tempMeasure/src/Alarm.cpp, line 13)
/Users/sergeybarabash/robo/tempMeasure/include/TempModbusServer.h:9: warning: multiple use of section label 'dependencies' while adding section, (first occurrence: /Users/sergeybarabash/robo/tempMeasure/src/Alarm.cpp, line 9)
/Users/sergeybarabash/robo/tempMeasure/include/TempModbusServer.h:14: warning: multiple use of section label 'hardware' while adding section, (first occurrence: /Users/sergeybarabash/robo/tempMeasure/src/Alarm.cpp, line 13)
/Users/sergeybarabash/robo/tempMeasure/include/TimeManager.h:9: warning: multiple use of section label 'dependencies' while adding section, (first occurrence: /Users/sergeybarabash/robo/tempMeasure/src/Alarm.cpp, line 9)
/Users/sergeybarabash/robo/tempMeasure/include/TimeManager.h:15: warning: multiple use of section label 'hardware' while adding section, (first occurrence: /Users/sergeybarabash/robo/tempMeasure/src/Alarm.cpp, line 13)
/Users/sergeybarabash/robo/tempMeasure/src/Alarm.cpp:39: warning: argument type from the argument list of Alarm::Alarm has multiple @param documentation sections
/Users/sergeybarabash/robo/tempMeasure/src/Alarm.cpp:39: warning: argument source from the argument list of Alarm::Alarm has multiple @param documentation sections
/Users/sergeybarabash/robo/tempMeasure/src/Alarm.cpp:39: warning: argument priority from the argument list of Alarm::Alarm has multiple @param documentation sections
/Users/sergeybarabash/robo/tempMeasure/src/IndicatorInterface.cpp:671: warning: argument lineIndex from the argument list of IndicatorInterface::_drawTextLine has multiple @param documentation sections
/Users/sergeybarabash/robo/tempMeasure/src/IndicatorInterface.cpp:671: warning: argument yPos from the argument list of IndicatorInterface::_drawTextLine has multiple @param documentation sections
Doxygen version used: 1.14.0
Searching for include files...
Searching for example files...
Searching for images...
Searching for dot files...
Searching for msc files...
Searching for dia files...
Searching for plantuml files...
Searching for files to exclude
Searching INPUT for files to process...
Searching for files in directory /Users/sergeybarabash/robo/tempMeasure/src
Searching for files in directory /Users/sergeybarabash/robo/tempMeasure/include
Reading and parsing tag files
Parsing files
Preprocessing /Users/sergeybarabash/robo/tempMeasure/src/Alarm.cpp...
Parsing file /Users/sergeybarabash/robo/tempMeasure/src/Alarm.cpp...
Preprocessing /Users/sergeybarabash/robo/tempMeasure/src/ConfigManager.cpp...
Parsing file /Users/sergeybarabash/robo/tempMeasure/src/ConfigManager.cpp...
Preprocessing /Users/sergeybarabash/robo/tempMeasure/src/CSVConfigManager.cpp...
Parsing file /Users/sergeybarabash/robo/tempMeasure/src/CSVConfigManager.cpp...
Preprocessing /Users/sergeybarabash/robo/tempMeasure/src/IndicatorInterface.cpp...
Parsing file /Users/sergeybarabash/robo/tempMeasure/src/IndicatorInterface.cpp...
Preprocessing /Users/sergeybarabash/robo/tempMeasure/src/LoggerManager.cpp...
Parsing file /Users/sergeybarabash/robo/tempMeasure/src/LoggerManager.cpp...
Preprocessing /Users/sergeybarabash/robo/tempMeasure/src/main.cpp...
Parsing file /Users/sergeybarabash/robo/tempMeasure/src/main.cpp...
Preprocessing /Users/sergeybarabash/robo/tempMeasure/src/MeasurementPoint.cpp...
Parsing file /Users/sergeybarabash/robo/tempMeasure/src/MeasurementPoint.cpp...
Preprocessing /Users/sergeybarabash/robo/tempMeasure/src/RegisterMap.cpp...
Parsing file /Users/sergeybarabash/robo/tempMeasure/src/RegisterMap.cpp...
Preprocessing /Users/sergeybarabash/robo/tempMeasure/src/Sensor.cpp...
Parsing file /Users/sergeybarabash/robo/tempMeasure/src/Sensor.cpp...
Preprocessing /Users/sergeybarabash/robo/tempMeasure/src/SettingsCSVManager.cpp...
Parsing file /Users/sergeybarabash/robo/tempMeasure/src/SettingsCSVManager.cpp...
Preprocessing /Users/sergeybarabash/robo/tempMeasure/src/TemperatureController.cpp...
Parsing file /Users/sergeybarabash/robo/tempMeasure/src/TemperatureController.cpp...
Preprocessing /Users/sergeybarabash/robo/tempMeasure/src/TempModbusServer.cpp...
Parsing file /Users/sergeybarabash/robo/tempMeasure/src/TempModbusServer.cpp...
Preprocessing /Users/sergeybarabash/robo/tempMeasure/src/TimeManager.cpp...
Parsing file /Users/sergeybarabash/robo/tempMeasure/src/TimeManager.cpp...
Preprocessing /Users/sergeybarabash/robo/tempMeasure/include/Alarm.h...
Parsing file /Users/sergeybarabash/robo/tempMeasure/include/Alarm.h...
Preprocessing /Users/sergeybarabash/robo/tempMeasure/include/ConfigManager.h...
Parsing file /Users/sergeybarabash/robo/tempMeasure/include/ConfigManager.h...
Preprocessing /Users/sergeybarabash/robo/tempMeasure/include/CSVConfigManager.h...
Parsing file /Users/sergeybarabash/robo/tempMeasure/include/CSVConfigManager.h...
Preprocessing /Users/sergeybarabash/robo/tempMeasure/include/IndicatorInterface.h...
Parsing file /Users/sergeybarabash/robo/tempMeasure/include/IndicatorInterface.h...
Preprocessing /Users/sergeybarabash/robo/tempMeasure/include/LoggerManager.h...
Parsing file /Users/sergeybarabash/robo/tempMeasure/include/LoggerManager.h...
Preprocessing /Users/sergeybarabash/robo/tempMeasure/include/MeasurementPoint.h...
Parsing file /Users/sergeybarabash/robo/tempMeasure/include/MeasurementPoint.h...
Preprocessing /Users/sergeybarabash/robo/tempMeasure/include/RegisterMap.h...
Parsing file /Users/sergeybarabash/robo/tempMeasure/include/RegisterMap.h...
Preprocessing /Users/sergeybarabash/robo/tempMeasure/include/Sensor.h...
Parsing file /Users/sergeybarabash/robo/tempMeasure/include/Sensor.h...
Preprocessing /Users/sergeybarabash/robo/tempMeasure/include/SettingsCSVManager.h...
Parsing file /Users/sergeybarabash/robo/tempMeasure/include/SettingsCSVManager.h...
Preprocessing /Users/sergeybarabash/robo/tempMeasure/include/TemperatureController.h...
Parsing file /Users/sergeybarabash/robo/tempMeasure/include/TemperatureController.h...
Preprocessing /Users/sergeybarabash/robo/tempMeasure/include/TempModbusServer.h...
Parsing file /Users/sergeybarabash/robo/tempMeasure/include/TempModbusServer.h...
Preprocessing /Users/sergeybarabash/robo/tempMeasure/include/TimeManager.h...
Parsing file /Users/sergeybarabash/robo/tempMeasure/include/TimeManager.h...
Building macro definition list...
Building group list...
Building directory list...
Building namespace list...
Building file list...
Building class list...
Building concept list...
Computing nesting relations for classes...
Associating documentation with classes...
Associating documentation with concepts...
Associating documentation with modules...
Building example list...
Searching for enumerations...
Searching for documented typedefs...
Searching for members imported via using declarations...
Searching for included using directives...
Searching for documented variables...
Building interface member list...
Building member list...
Searching for friends...
Searching for documented defines...
Computing class inheritance relations...
Computing class usage relations...
Flushing cached template relations that have become invalid...
Warn for undocumented namespaces...
Computing class relations...
Add enum values to enums...
Searching for member function documentation...
Creating members for template instances...
Building page list...
Search for main page...
Computing page relations...
Determining the scope of groups...
Computing module relations...
Sorting lists...
Determining which enums are documented
Computing member relations...
Building full member lists recursively...
Adding members to member groups.
Computing member references...
Inheriting documentation...
Generating disk names...
Adding source references...
Adding xrefitems...
Sorting member lists...
Setting anonymous enum type...
Computing dependencies between directories...
Generating citations page...
Counting members...
Counting data structures...
Resolving user defined references...
Finding anchors and sections in the documentation...
Transferring function references...
Combining using relations...
Adding members to index pages...
Correcting members for VHDL...
Computing tooltip texts...
Generating style sheet...
Generating search indices...
Generating example documentation...
Generating file sources...
Generating code for file include/Alarm.h...
Generating code for file include/ConfigManager.h...
Generating code for file include/CSVConfigManager.h...
Generating code for file include/IndicatorInterface.h...
Generating code for file include/LoggerManager.h...
Generating code for file include/MeasurementPoint.h...
Generating code for file include/RegisterMap.h...
Generating code for file include/Sensor.h...
Generating code for file include/SettingsCSVManager.h...
Generating code for file include/TemperatureController.h...
Generating code for file include/TempModbusServer.h...
Generating code for file include/TimeManager.h...
Generating code for file src/Alarm.cpp...
Generating code for file src/ConfigManager.cpp...
Generating code for file src/CSVConfigManager.cpp...
Generating code for file src/IndicatorInterface.cpp...
Generating code for file src/LoggerManager.cpp...
Generating code for file src/main.cpp...
Generating code for file src/MeasurementPoint.cpp...
Generating code for file src/RegisterMap.cpp...
Generating code for file src/Sensor.cpp...
Generating code for file src/SettingsCSVManager.cpp...
Generating code for file src/TemperatureController.cpp...
Generating code for file src/TempModbusServer.cpp...
Generating code for file src/TimeManager.cpp...
Generating file documentation...
Generating docs for file include/Alarm.h...
Generating docs for file include/ConfigManager.h...
Generating docs for file include/CSVConfigManager.h...
Generating docs for file include/IndicatorInterface.h...
Generating docs for file include/LoggerManager.h...
Generating docs for file include/MeasurementPoint.h...
Generating docs for file include/RegisterMap.h...
Generating docs for file include/Sensor.h...
Generating docs for file include/SettingsCSVManager.h...
Generating docs for file include/TemperatureController.h...
Generating docs for file include/TempModbusServer.h...
Generating docs for file include/TimeManager.h...
Generating docs for file src/Alarm.cpp...
Generating docs for file src/ConfigManager.cpp...
Generating docs for file src/CSVConfigManager.cpp...
Generating docs for file src/IndicatorInterface.cpp...
Generating docs for file src/LoggerManager.cpp...
Generating docs for file src/main.cpp...
Generating docs for file src/MeasurementPoint.cpp...
Generating docs for file src/RegisterMap.cpp...
Generating docs for file src/Sensor.cpp...
Generating docs for file src/SettingsCSVManager.cpp...
Generating docs for file src/TemperatureController.cpp...
Generating docs for file src/TempModbusServer.cpp...
Generating docs for file src/TimeManager.cpp...
Generating page documentation...
Generating group documentation...
Generating class documentation...
Generating docs for compound Alarm...
Generating call graph for function Alarm::Alarm
Generating caller graph for function Alarm::Alarm
Generating call graph for function Alarm::~Alarm
Generating call graph for function Alarm::_checkCondition
Generating caller graph for function Alarm::_checkCondition
Generating caller graph for function Alarm::_getPriorityString
Generating call graph for function Alarm::_updateMessage
Generating caller graph for function Alarm::_updateMessage
Generating call graph for function Alarm::acknowledge
Generating caller graph for function Alarm::acknowledge
Generating call graph for function Alarm::clear
Generating caller graph for function Alarm::clear
Generating caller graph for function Alarm::getDisplayText
Generating caller graph for function Alarm::getHysteresis
Generating caller graph for function Alarm::getPointAddress
Generating caller graph for function Alarm::getPriority
Generating caller graph for function Alarm::getStageString
Generating call graph for function Alarm::getStatusText
Generating caller graph for function Alarm::getStatusText
Generating caller graph for function Alarm::getTimestamp
Generating caller graph for function Alarm::getType
Generating caller graph for function Alarm::getTypeString
Generating caller graph for function Alarm::isAcknowledgedDelayElapsed
Generating caller graph for function Alarm::isEnabled
Generating call graph for function Alarm::operator<
Generating call graph for function Alarm::operator==
Generating call graph for function Alarm::reactivate
Generating call graph for function Alarm::resolve
Generating caller graph for function Alarm::resolve
Generating caller graph for function Alarm::setAcknowledgedDelay
Generating caller graph for function Alarm::setConfigKey
Generating call graph for function Alarm::setEnabled
Generating caller graph for function Alarm::setEnabled
Generating call graph for function Alarm::setHysteresis
Generating caller graph for function Alarm::setHysteresis
Generating call graph for function Alarm::setPriority
Generating caller graph for function Alarm::setPriority
Generating call graph for function Alarm::updateCondition
Generating docs for compound AlarmComparator...
Generating call graph for function AlarmComparator::operator()
Generating docs for compound ConfigManager...
Generating call graph for function ConfigManager::alarmsAPI
Generating caller graph for function ConfigManager::alarmsAPI
Generating caller graph for function ConfigManager::basicAPI
Generating call graph for function ConfigManager::begin
Generating caller graph for function ConfigManager::connectWiFi
Generating call graph for function ConfigManager::csvImportExportAPI
Generating caller graph for function ConfigManager::csvImportExportAPI
Generating call graph for function ConfigManager::downloadAPI
Generating caller graph for function ConfigManager::downloadAPI
Generating caller graph for function ConfigManager::getAcknowledgedDelayCritical
Generating caller graph for function ConfigManager::getAcknowledgedDelayHigh
Generating caller graph for function ConfigManager::getAcknowledgedDelayLow
Generating caller graph for function ConfigManager::getAcknowledgedDelayMedium
Generating caller graph for function ConfigManager::getDeviceId
Generating caller graph for function ConfigManager::getMeasurementPeriod
Generating call graph for function ConfigManager::loadPointsConfig
Generating caller graph for function ConfigManager::loadPointsConfig
Generating call graph for function ConfigManager::logsAPI
Generating caller graph for function ConfigManager::logsAPI
Generating caller graph for function ConfigManager::onConfigChanged
Generating call graph for function ConfigManager::pointsAPI
Generating caller graph for function ConfigManager::pointsAPI
Generating call graph for function ConfigManager::saveAlarmsConfig
Generating caller graph for function ConfigManager::saveAlarmsConfig
Generating call graph for function ConfigManager::savePointsConfig
Generating caller graph for function ConfigManager::savePointsConfig
Generating call graph for function ConfigManager::sensorAPI
Generating caller graph for function ConfigManager::sensorAPI
Generating call graph for function ConfigManager::updatePointInConfig
Generating docs for compound CSVConfigManager...
Generating caller graph for function CSVConfigManager::_escapeCSVField
Generating call graph for function CSVConfigManager::_exportPointToCSV
Generating caller graph for function CSVConfigManager::_exportPointToCSV
Generating call graph for function CSVConfigManager::_getAlarmPriorityForPoint
Generating caller graph for function CSVConfigManager::_getAlarmPriorityForPoint
Generating caller graph for function CSVConfigManager::_getPriorityString
Generating call graph for function CSVConfigManager::_parseAlarmFromCSV
Generating caller graph for function CSVConfigManager::_parseAlarmType
Generating call graph for function CSVConfigManager::_parseCSVLine
Generating caller graph for function CSVConfigManager::_parseCSVLine
Generating caller graph for function CSVConfigManager::_parsePriority
Generating call graph for function CSVConfigManager::exportPointsWithAlarmsToCSV
Generating call graph for function CSVConfigManager::importPointsWithAlarmsFromCSV
Generating caller graph for function CSVConfigManager::validatePointsCSV
Generating docs for compound IndicatorInterface...
Generating call graph for function IndicatorInterface::_applyModeLogic
Generating caller graph for function IndicatorInterface::_applyModeLogic
Generating caller graph for function IndicatorInterface::_calculateDisplayParams
Generating caller graph for function IndicatorInterface::_clearInterrupt
Generating call graph for function IndicatorInterface::_configureInterruptPin
Generating caller graph for function IndicatorInterface::_configureInterruptPin
Generating caller graph for function IndicatorInterface::_drawTextLine
Generating call graph for function IndicatorInterface::_handleOLEDBlink
Generating caller graph for function IndicatorInterface::_handleOLEDBlink
Generating caller graph for function IndicatorInterface::_handleOLEDSleep
Generating call graph for function IndicatorInterface::_handleScrolling
Generating caller graph for function IndicatorInterface::_handleScrolling
Generating call graph for function IndicatorInterface::_handleSpecialBlink
Generating caller graph for function IndicatorInterface::_handleSpecialBlink
Generating call graph for function IndicatorInterface::_initOLED
Generating caller graph for function IndicatorInterface::_initOLED
Generating caller graph for function IndicatorInterface::_readPCF
Generating call graph for function IndicatorInterface::_restoreCurrentText
Generating caller graph for function IndicatorInterface::_restoreCurrentText
Generating call graph for function IndicatorInterface::_reverseModeLogic
Generating caller graph for function IndicatorInterface::_reverseModeLogic
Generating caller graph for function IndicatorInterface::_saveCurrentText
Generating caller graph for function IndicatorInterface::_staticInterruptHandler
Generating call graph for function IndicatorInterface::_updateOLEDDisplay
Generating caller graph for function IndicatorInterface::_updateOLEDDisplay
Generating call graph for function IndicatorInterface::_updateState
Generating caller graph for function IndicatorInterface::_updateState
Generating caller graph for function IndicatorInterface::_wakeOLED
Generating call graph for function IndicatorInterface::_writePCF
Generating caller graph for function IndicatorInterface::_writePCF
Generating call graph for function IndicatorInterface::begin
Generating call graph for function IndicatorInterface::blinkCross
Generating call graph for function IndicatorInterface::blinkOK
Generating call graph for function IndicatorInterface::displayCross
Generating caller graph for function IndicatorInterface::displayCross
Generating call graph for function IndicatorInterface::displayOK
Generating caller graph for function IndicatorInterface::displayOK
Generating call graph for function IndicatorInterface::getCurrentState
Generating caller graph for function IndicatorInterface::getCurrentState
Generating caller graph for function IndicatorInterface::getPortName
Generating call graph for function IndicatorInterface::handleInterrupt
Generating call graph for function IndicatorInterface::isInput
Generating caller graph for function IndicatorInterface::isInverted
Generating caller graph for function IndicatorInterface::isOutput
Generating call graph for function IndicatorInterface::printPortStates
Generating call graph for function IndicatorInterface::printText
Generating call graph for function IndicatorInterface::pushLine
Generating call graph for function IndicatorInterface::readPort
Generating caller graph for function IndicatorInterface::readPort
Generating call graph for function IndicatorInterface::readPort
Generating call graph for function IndicatorInterface::setAllOutputs
Generating caller graph for function IndicatorInterface::setAllOutputs
Generating call graph for function IndicatorInterface::setAllOutputsHigh
Generating call graph for function IndicatorInterface::setAllOutputsLow
Generating call graph for function IndicatorInterface::setDirection
Generating call graph for function IndicatorInterface::setOLEDblink
Generating call graph for function IndicatorInterface::setOledMode
Generating call graph for function IndicatorInterface::setOledModeSmall
Generating call graph for function IndicatorInterface::setOLEDOn
Generating call graph for function IndicatorInterface::setOledSleepDelay
Generating call graph for function IndicatorInterface::setPortInverted
Generating caller graph for function IndicatorInterface::setPortInverted
Generating call graph for function IndicatorInterface::startBlinking
Generating call graph for function IndicatorInterface::stopBlinking
Generating call graph for function IndicatorInterface::stopBlinking
Generating call graph for function IndicatorInterface::update
Generating call graph for function IndicatorInterface::updateBlinking
Generating caller graph for function IndicatorInterface::updateBlinking
Generating call graph for function IndicatorInterface::updateOLED
Generating caller graph for function IndicatorInterface::updateOLED
Generating call graph for function IndicatorInterface::writePort
Generating caller graph for function IndicatorInterface::writePort
Generating call graph for function IndicatorInterface::writePort
Generating call graph for function IndicatorInterface::writePorts
Generating docs for nested compound IndicatorInterface::BlinkingPort...
Generating docs for compound LoggerManager...
Generating caller graph for function LoggerManager::LoggerManager
Generating call graph for function LoggerManager::~LoggerManager
Generating call graph for function LoggerManager::_ensureAlarmStateLogExists
Generating caller graph for function LoggerManager::_ensureAlarmStateLogExists
Generating caller graph for function LoggerManager::_ensureDirectoryExists
Generating call graph for function LoggerManager::_ensureEventLogExists
Generating caller graph for function LoggerManager::_ensureEventLogExists
Generating caller graph for function LoggerManager::_escapeCSVField
Generating caller graph for function LoggerManager::_extractSequenceNumber
Generating call graph for function LoggerManager::_findHighestSequenceForDate
Generating caller graph for function LoggerManager::_findHighestSequenceForDate
Generating call graph for function LoggerManager::_findLatestFileForDate
Generating caller graph for function LoggerManager::_findLatestFileForDate
Generating call graph for function LoggerManager::_generateAlarmStateLogFileName
Generating caller graph for function LoggerManager::_generateAlarmStateLogFileName
Generating call graph for function LoggerManager::_generateCSVHeader
Generating caller graph for function LoggerManager::_generateCSVHeader
Generating call graph for function LoggerManager::_generateEventLogFileName
Generating caller graph for function LoggerManager::_generateEventLogFileName
Generating call graph for function LoggerManager::_generateLogFileName
Generating call graph for function LoggerManager::_generateLogFileNameWithSequence
Generating caller graph for function LoggerManager::_generateLogFileNameWithSequence
Generating call graph for function LoggerManager::_getAlarmLogFilesInRange
Generating caller graph for function LoggerManager::_getAlarmLogFilesInRange
Generating caller graph for function LoggerManager::_getCurrentDateString
Generating caller graph for function LoggerManager::_getCurrentTimeString
Generating call graph for function LoggerManager::_getEventLogFilesInRange
Generating caller graph for function LoggerManager::_getEventLogFilesInRange
Generating caller graph for function LoggerManager::_getFilesForDate
Generating call graph for function LoggerManager::_hasHeaderChanged
Generating caller graph for function LoggerManager::_hasHeaderChanged
Generating caller graph for function LoggerManager::_incrementSequenceNumber
Generating caller graph for function LoggerManager::_normalizeDate
Generating caller graph for function LoggerManager::_parseAlarmStateLogEntry
Generating caller graph for function LoggerManager::_parseEventLogEntry
Generating caller graph for function LoggerManager::_readHeaderFromFile
Generating call graph for function LoggerManager::_recoverFromExistingFiles
Generating caller graph for function LoggerManager::_recoverFromExistingFiles
Generating caller graph for function LoggerManager::_writeAlarmStateHeader
Generating call graph for function LoggerManager::_writeAlarmStateRow
Generating caller graph for function LoggerManager::_writeAlarmStateRow
Generating call graph for function LoggerManager::_writeDataRow
Generating caller graph for function LoggerManager::_writeDataRow
Generating caller graph for function LoggerManager::_writeEventHeader
Generating call graph for function LoggerManager::_writeEventRow
Generating caller graph for function LoggerManager::_writeEventRow
Generating call graph for function LoggerManager::_writeHeader
Generating caller graph for function LoggerManager::_writeHeader
Generating call graph for function LoggerManager::begin
Generating caller graph for function LoggerManager::closeCurrentFile
Generating call graph for function LoggerManager::createNewLogFile
Generating caller graph for function LoggerManager::createNewLogFile
Generating caller graph for function LoggerManager::error
Generating call graph for function LoggerManager::forceNewFile
Generating call graph for function LoggerManager::getAlarmHistoryCsv
Generating caller graph for function LoggerManager::getAlarmHistoryCsv
Generating call graph for function LoggerManager::getAlarmHistoryJson
Generating caller graph for function LoggerManager::getAlarmHistoryJson
Generating caller graph for function LoggerManager::getAlarmStateLogFiles
Generating caller graph for function LoggerManager::getEventLogFilesStatic
Generating call graph for function LoggerManager::getEventLogsCsv
Generating caller graph for function LoggerManager::getEventLogsCsv
Generating call graph for function LoggerManager::getEventLogsJson
Generating caller graph for function LoggerManager::getEventLogsJson
Generating call graph for function LoggerManager::getEventLogStatsJson
Generating caller graph for function LoggerManager::getEventLogStatsJson
Generating call graph for function LoggerManager::getFileInfo
Generating caller graph for function LoggerManager::getFileInfo
Generating call graph for function LoggerManager::getInstance
Generating caller graph for function LoggerManager::getLogDirectoryPath
Generating caller graph for function LoggerManager::getLogFiles
Generating caller graph for function LoggerManager::info
Generating call graph for function LoggerManager::init
Generating call graph for function LoggerManager::logAlarmState
Generating caller graph for function LoggerManager::logAlarmStateChange
Generating call graph for function LoggerManager::logCritical
Generating call graph for function LoggerManager::logDataNow
Generating caller graph for function LoggerManager::logDataNow
Generating call graph for function LoggerManager::logError
Generating call graph for function LoggerManager::logEvent
Generating caller graph for function LoggerManager::logEvent
Generating call graph for function LoggerManager::logInfo
Generating caller graph for function LoggerManager::logInfo
Generating call graph for function LoggerManager::logWarning
Generating caller graph for function LoggerManager::logWarning
Generating call graph for function LoggerManager::openLogFile
Generating caller graph for function LoggerManager::openLogFile
Generating call graph for function LoggerManager::update
Generating caller graph for function LoggerManager::warning
Generating docs for compound MeasurementPoint...
Generating caller graph for function MeasurementPoint::bindSensor
Generating caller graph for function MeasurementPoint::getAddress
Generating caller graph for function MeasurementPoint::getAlarmStatus
Generating caller graph for function MeasurementPoint::getBoundSensor
Generating caller graph for function MeasurementPoint::getCurrentTemp
Generating caller graph for function MeasurementPoint::getErrorStatus
Generating caller graph for function MeasurementPoint::getHighAlarmThreshold
Generating caller graph for function MeasurementPoint::getLowAlarmThreshold
Generating caller graph for function MeasurementPoint::getMaxTemp
Generating caller graph for function MeasurementPoint::getMinTemp
Generating caller graph for function MeasurementPoint::getName
Generating call graph for function MeasurementPoint::setHighAlarmThreshold
Generating caller graph for function MeasurementPoint::setHighAlarmThreshold
Generating call graph for function MeasurementPoint::setLowAlarmThreshold
Generating caller graph for function MeasurementPoint::setLowAlarmThreshold
Generating call graph for function MeasurementPoint::setName
Generating caller graph for function MeasurementPoint::setName
Generating caller graph for function MeasurementPoint::unbindSensor
Generating call graph for function MeasurementPoint::update
Generating caller graph for function MeasurementPoint::updateAlarmStatus
Generating docs for compound RegisterMap...
Generating call graph for function RegisterMap::applyConfigFromMeasurementPoint
Generating call graph for function RegisterMap::applyConfigToMeasurementPoint
Generating caller graph for function RegisterMap::isReadOnlyRegister
Generating caller graph for function RegisterMap::isValidAddress
Generating call graph for function RegisterMap::readHoldingRegister
Generating call graph for function RegisterMap::updateFromMeasurementPoint
Generating call graph for function RegisterMap::writeHoldingRegister
Generating docs for compound Sensor...
Generating caller graph for function Sensor::getDS18B20RomArray
Generating caller graph for function Sensor::getDS18B20RomString
Generating caller graph for function Sensor::getName
Generating caller graph for function Sensor::getOneWirePin
Generating caller graph for function Sensor::getPT1000ChipSelectPin
Generating caller graph for function Sensor::getType
Generating caller graph for function Sensor::initialize
Generating call graph for function Sensor::readTemperature
Generating call graph for function Sensor::setHighAlarmThreshold
Generating call graph for function Sensor::setLowAlarmThreshold
Generating caller graph for function Sensor::setupDS18B20
Generating caller graph for function Sensor::setupPT1000
Generating caller graph for function Sensor::updateAlarmStatus
Generating docs for compound SettingsCSVManager...
Generating caller graph for function SettingsCSVManager::_escapeCSVField
Generating call graph for function SettingsCSVManager::_parseCSVLine
Generating caller graph for function SettingsCSVManager::_parseCSVLine
Generating caller graph for function SettingsCSVManager::_unescapeCSVField
Generating call graph for function SettingsCSVManager::exportSettingsToCSV
Generating call graph for function SettingsCSVManager::importSettingsFromCSV
Generating caller graph for function SettingsCSVManager::validateSettingsCSV
Generating docs for compound TemperatureController...
Generating call graph for function TemperatureController::_checkButtonPress
Generating caller graph for function TemperatureController::_checkButtonPress
Generating call graph for function TemperatureController::_checkPointForAlarms
Generating caller graph for function TemperatureController::_comparePriority
Generating caller graph for function TemperatureController::_compareStage
Generating call graph for function TemperatureController::_displayAlarmSummaryByPriority
Generating caller graph for function TemperatureController::_displayAlarmSummaryByPriority
Generating caller graph for function TemperatureController::_displayAlarmSummaryByType
Generating caller graph for function TemperatureController::_displayModbusStatus
Generating caller graph for function TemperatureController::_displayNetworkInfo
Generating caller graph for function TemperatureController::_displayNextAcknowledgedAlarm
Generating caller graph for function TemperatureController::_displayNextActiveAlarm
Generating call graph for function TemperatureController::_displaySystemStats
Generating caller graph for function TemperatureController::_displaySystemStats
Generating caller graph for function TemperatureController::_getPriorityString
Generating call graph for function TemperatureController::_handleAlarmDisplayRotation
Generating caller graph for function TemperatureController::_handleAlarmDisplayRotation
Generating call graph for function TemperatureController::_handleDisplaySections
Generating caller graph for function TemperatureController::_handleDisplaySections
Generating call graph for function TemperatureController::_handleSystemStatusMode
Generating caller graph for function TemperatureController::_handleSystemStatusMode
Generating caller graph for function TemperatureController::_hasAlarmForPoint
Generating caller graph for function TemperatureController::_showOKAndTurnOffOLED
Generating caller graph for function TemperatureController::_switchToSection
Generating call graph for function TemperatureController::_updateAlarmQueues
Generating caller graph for function TemperatureController::_updateAlarmQueues
Generating caller graph for function TemperatureController::_updateNormalDisplay
Generating call graph for function TemperatureController::acknowledgeHighestPriorityAlarm
Generating call graph for function TemperatureController::addAlarm
Generating call graph for function TemperatureController::addSensor
Generating caller graph for function TemperatureController::applyAcknowledgedDelaysToAlarms
Generating call graph for function TemperatureController::begin
Generating call graph for function TemperatureController::bindSensorToPointByBusNumber
Generating call graph for function TemperatureController::bindSensorToPointByChipSelect
Generating call graph for function TemperatureController::bindSensorToPointByRom
Generating call graph for function TemperatureController::createAlarm
Generating caller graph for function TemperatureController::createAlarm
Generating call graph for function TemperatureController::discoverDS18B20Sensors
Generating call graph for function TemperatureController::discoverPTSensors
Generating caller graph for function TemperatureController::discoverPTSensors
Generating call graph for function TemperatureController::ensureAlarmsForPoint
Generating caller graph for function TemperatureController::findAlarm
Generating caller graph for function TemperatureController::findSensorByChipSelect
Generating caller graph for function TemperatureController::findSensorByRom
Generating call graph for function TemperatureController::forceRelayState
Generating caller graph for function TemperatureController::getActiveAlarms
Generating caller graph for function TemperatureController::getAlarmCount
Generating call graph for function TemperatureController::getAlarmCount
Generating call graph for function TemperatureController::getAlarmCount
Generating call graph for function TemperatureController::getAlarmCount
Generating call graph for function TemperatureController::getAlarmsForPoint
Generating call graph for function TemperatureController::getBoundSensor
Generating caller graph for function TemperatureController::getBoundSensor
Generating caller graph for function TemperatureController::getDS18B20Count
Generating caller graph for function TemperatureController::getHighestPriorityAlarm
Generating call graph for function TemperatureController::getMeasurementPoint
Generating caller graph for function TemperatureController::getMeasurementPoint
Generating call graph for function TemperatureController::getPointsJson
Generating caller graph for function TemperatureController::getPT1000Count
Generating call graph for function TemperatureController::getRelayActualState
Generating caller graph for function TemperatureController::getRelayActualState
Generating call graph for function TemperatureController::getRelayCommandedState
Generating caller graph for function TemperatureController::getRelayCommandedState
Generating call graph for function TemperatureController::getRelayControlMode
Generating caller graph for function TemperatureController::getRelayControlMode
Generating call graph for function TemperatureController::getSensorBus
Generating caller graph for function TemperatureController::getSensorBus
Generating call graph for function TemperatureController::getSensorsJson
Generating call graph for function TemperatureController::getSystemStatusJson
Generating call graph for function TemperatureController::handleAlarmDisplay
Generating caller graph for function TemperatureController::handleAlarmDisplay
Generating call graph for function TemperatureController::handleAlarmOutputs
Generating caller graph for function TemperatureController::handleAlarmOutputs
Generating caller graph for function TemperatureController::isDS18B20Address
Generating caller graph for function TemperatureController::isPT1000Address
Generating call graph for function TemperatureController::readAllPoints
Generating caller graph for function TemperatureController::readAllPoints
Generating call graph for function TemperatureController::removeAlarm
Generating call graph for function TemperatureController::removeSensorByRom
Generating caller graph for function TemperatureController::removeSensorByRom
Generating call graph for function TemperatureController::resetMinMaxValues
Generating call graph for function TemperatureController::setAcknowledgedDelayCritical
Generating call graph for function TemperatureController::setAcknowledgedDelayHigh
Generating call graph for function TemperatureController::setAcknowledgedDelayLow
Generating call graph for function TemperatureController::setAcknowledgedDelayMedium
Generating call graph for function TemperatureController::setDeviceId
Generating call graph for function TemperatureController::setMeasurementPeriod
Generating call graph for function TemperatureController::setRelayControlMode
Generating call graph for function TemperatureController::unbindSensorFromPoint
Generating call graph for function TemperatureController::unbindSensorFromPointBySensor
Generating caller graph for function TemperatureController::unbindSensorFromPointBySensor
Generating call graph for function TemperatureController::update
Generating caller graph for function TemperatureController::update
Generating call graph for function TemperatureController::updateAlarm
Generating call graph for function TemperatureController::updateAlarms
Generating caller graph for function TemperatureController::updateAlarms
Generating call graph for function TemperatureController::updateAllSensors
Generating caller graph for function TemperatureController::updateAllSensors
Generating call graph for function TemperatureController::updateRegisterMap
Generating caller graph for function TemperatureController::updateRegisterMap
Generating docs for compound TempModbusServer...
Generating call graph for function TempModbusServer::TempModbusServer
Generating call graph for function TempModbusServer::begin
Generating call graph for function TempModbusServer::processCommands
Generating call graph for function TempModbusServer::readHoldingRegistersWorker
Generating caller graph for function TempModbusServer::readHoldingRegistersWorker
Generating call graph for function TempModbusServer::writeHoldingRegisterWorker
Generating caller graph for function TempModbusServer::writeHoldingRegisterWorker
Generating call graph for function TempModbusServer::writeMultipleRegistersWorker
Generating caller graph for function TempModbusServer::writeMultipleRegistersWorker
Generating docs for compound TimeManager...
Generating caller graph for function TimeManager::_formatDateTime
Generating caller graph for function TimeManager::_initializeNTP
Generating caller graph for function TimeManager::_isWiFiConnected
Generating call graph for function TimeManager::begin
Generating caller graph for function TimeManager::getCurrentTime
Generating call graph for function TimeManager::getDateString
Generating caller graph for function TimeManager::getDateString
Generating call graph for function TimeManager::getFormattedTime
Generating caller graph for function TimeManager::getFormattedTime
Generating call graph for function TimeManager::getStatusJSON
Generating call graph for function TimeManager::getTimeJSON
Generating call graph for function TimeManager::getTimeString
Generating caller graph for function TimeManager::getTimeString
Generating caller graph for function TimeManager::getTimezoneHours
Generating caller graph for function TimeManager::getTimezoneMinutes
Generating caller graph for function TimeManager::hasLostPower
Generating call graph for function TimeManager::init
Generating caller graph for function TimeManager::isAlarm1Triggered
Generating caller graph for function TimeManager::isAlarm2Triggered
Generating call graph for function TimeManager::loadConfig
Generating caller graph for function TimeManager::loadConfig
Generating call graph for function TimeManager::setNTPServer
Generating call graph for function TimeManager::setTime
Generating call graph for function TimeManager::setTime
Generating caller graph for function TimeManager::setTime
Generating caller graph for function TimeManager::setTimeFromCompileTime
Generating call graph for function TimeManager::setTimeFromNTP
Generating caller graph for function TimeManager::setTimeFromNTP
Generating call graph for function TimeManager::setTimeFromUnix
Generating call graph for function TimeManager::syncWithNTP
Generating call graph for function TimeManager::update
Generating concept documentation...
Generating module documentation...
Generating namespace documentation...
Generating graph info page...
Generating directory documentation...
Generating dependency graph for directory src
Generating index page...
Generating page index...
Generating topic index...
Generating module index...
Generating module member index...
Generating namespace index...
Generating namespace member index...
Generating concept index...
Generating annotated compound index...
Generating alphabetical compound index...
Generating hierarchical class index...
Generating graphical class hierarchy...
Generating member index...
Generating file index...
Generating file member index...
Generating example index...
finalizing index lists...
writing tag file...
Generating XML output...
Generating XML output for class Alarm
Generating XML output for class AlarmComparator
Generating XML output for class IndicatorInterface::BlinkingPort
Generating XML output for class ConfigManager
Generating XML output for class CSVConfigManager
Generating XML output for class IndicatorInterface
Generating XML output for class LoggerManager
Generating XML output for class MeasurementPoint
Generating XML output for class RegisterMap
Generating XML output for class Sensor
Generating XML output for class SettingsCSVManager
Generating XML output for class TemperatureController
Generating XML output for class TempModbusServer
Generating XML output for class TimeManager
Generating XML output for file Alarm.h
Generating XML output for file ConfigManager.h
Generating XML output for file CSVConfigManager.h
Generating XML output for file IndicatorInterface.h
Generating XML output for file LoggerManager.h
Generating XML output for file MeasurementPoint.h
Generating XML output for file RegisterMap.h
Generating XML output for file Sensor.h
Generating XML output for file SettingsCSVManager.h
Generating XML output for file TemperatureController.h
Generating XML output for file TempModbusServer.h
Generating XML output for file TimeManager.h
Generating XML output for file Alarm.cpp
Generating XML output for file ConfigManager.cpp
Generating XML output for file CSVConfigManager.cpp
Generating XML output for file IndicatorInterface.cpp
Generating XML output for file LoggerManager.cpp
Generating XML output for file main.cpp
Generating XML output for file MeasurementPoint.cpp
Generating XML output for file RegisterMap.cpp
Generating XML output for file Sensor.cpp
Generating XML output for file SettingsCSVManager.cpp
Generating XML output for file TemperatureController.cpp
Generating XML output for file TempModbusServer.cpp
Generating XML output for file TimeManager.cpp
Generate XML output for dir /Users/sergeybarabash/robo/tempMeasure/include/
Generate XML output for dir /Users/sergeybarabash/robo/tempMeasure/src/
Running plantuml with JAVA...
Running dot...
Generating dot graphs using 9 parallel threads...
Running dot for graph 1/485
Running dot for graph 2/485
Running dot for graph 3/485
Running dot for graph 4/485
Running dot for graph 5/485
Running dot for graph 6/485
Running dot for graph 7/485
Running dot for graph 8/485
Running dot for graph 9/485
Running dot for graph 10/485
Running dot for graph 11/485
Running dot for graph 12/485
Running dot for graph 13/485
Running dot for graph 14/485
Running dot for graph 15/485
Running dot for graph 16/485
Running dot for graph 17/485
Running dot for graph 18/485
Running dot for graph 19/485
Running dot for graph 20/485
Running dot for graph 21/485
Running dot for graph 22/485
Running dot for graph 23/485
Running dot for graph 24/485
Running dot for graph 25/485
Running dot for graph 26/485
Running dot for graph 27/485
Running dot for graph 28/485
Running dot for graph 29/485
Running dot for graph 30/485
Running dot for graph 31/485
Running dot for graph 32/485
Running dot for graph 33/485
Running dot for graph 34/485
Running dot for graph 35/485
Running dot for graph 36/485
Running dot for graph 37/485
Running dot for graph 38/485
Running dot for graph 39/485
Running dot for graph 40/485
Running dot for graph 41/485
Running dot for graph 42/485
Running dot for graph 43/485
Running dot for graph 44/485
Running dot for graph 45/485
Running dot for graph 46/485
Running dot for graph 47/485
Running dot for graph 48/485
Running dot for graph 49/485
Running dot for graph 50/485
Running dot for graph 51/485
Running dot for graph 52/485
Running dot for graph 53/485
Running dot for graph 54/485
Running dot for graph 55/485
Running dot for graph 56/485
Running dot for graph 57/485
Running dot for graph 58/485
Running dot for graph 59/485
Running dot for graph 60/485
Running dot for graph 61/485
Running dot for graph 62/485
Running dot for graph 63/485
Running dot for graph 64/485
Running dot for graph 65/485
Running dot for graph 66/485
Running dot for graph 67/485
Running dot for graph 68/485
Running dot for graph 69/485
Running dot for graph 70/485
Running dot for graph 71/485
Running dot for graph 72/485
Running dot for graph 73/485
Running dot for graph 74/485
Running dot for graph 75/485
Running dot for graph 76/485
Running dot for graph 77/485
Running dot for graph 78/485
Running dot for graph 79/485
Running dot for graph 80/485
Running dot for graph 81/485
Running dot for graph 82/485
Running dot for graph 83/485
Running dot for graph 84/485
Running dot for graph 85/485
Running dot for graph 86/485
Running dot for graph 87/485
Running dot for graph 88/485
Running dot for graph 89/485
Running dot for graph 90/485
Running dot for graph 91/485
Running dot for graph 92/485
Running dot for graph 93/485
Running dot for graph 94/485
Running dot for graph 95/485
Running dot for graph 96/485
Running dot for graph 97/485
Running dot for graph 98/485
Running dot for graph 99/485
Running dot for graph 100/485
Running dot for graph 101/485
Running dot for graph 102/485
Running dot for graph 103/485
Running dot for graph 104/485
Running dot for graph 105/485
Running dot for graph 106/485
Running dot for graph 107/485
Running dot for graph 108/485
Running dot for graph 109/485
Running dot for graph 110/485
Running dot for graph 111/485
Running dot for graph 112/485
Running dot for graph 113/485
Running dot for graph 114/485
Running dot for graph 115/485
Running dot for graph 116/485
Running dot for graph 117/485
Running dot for graph 118/485
Running dot for graph 119/485
Running dot for graph 120/485
Running dot for graph 121/485
Running dot for graph 122/485
Running dot for graph 123/485
Running dot for graph 124/485
Running dot for graph 125/485
Running dot for graph 126/485
Running dot for graph 127/485
Running dot for graph 128/485
Running dot for graph 129/485
Running dot for graph 130/485
Running dot for graph 131/485
Running dot for graph 132/485
Running dot for graph 133/485
Running dot for graph 134/485
Running dot for graph 135/485
Running dot for graph 136/485
Running dot for graph 137/485
Running dot for graph 138/485
Running dot for graph 139/485
Running dot for graph 140/485
Running dot for graph 141/485
Running dot for graph 142/485
Running dot for graph 143/485
Running dot for graph 144/485
Running dot for graph 145/485
Running dot for graph 146/485
Running dot for graph 147/485
Running dot for graph 148/485
Running dot for graph 149/485
Running dot for graph 150/485
Running dot for graph 151/485
Running dot for graph 152/485
Running dot for graph 153/485
Running dot for graph 154/485
Running dot for graph 155/485
Running dot for graph 156/485
Running dot for graph 157/485
Running dot for graph 158/485
Running dot for graph 159/485
Running dot for graph 160/485
Running dot for graph 161/485
Running dot for graph 162/485
Running dot for graph 163/485
Running dot for graph 164/485
Running dot for graph 165/485
Running dot for graph 166/485
Running dot for graph 167/485
Running dot for graph 168/485
Running dot for graph 169/485
Running dot for graph 170/485
Running dot for graph 171/485
Running dot for graph 172/485
Running dot for graph 173/485
Running dot for graph 174/485
Running dot for graph 175/485
Running dot for graph 176/485
Running dot for graph 177/485
Running dot for graph 178/485
Running dot for graph 179/485
Running dot for graph 180/485
Running dot for graph 181/485
Running dot for graph 182/485
Running dot for graph 183/485
Running dot for graph 184/485
Running dot for graph 185/485
Running dot for graph 186/485
Running dot for graph 187/485
Running dot for graph 188/485
Running dot for graph 189/485
Running dot for graph 190/485
Running dot for graph 191/485
Running dot for graph 192/485
Running dot for graph 193/485
Running dot for graph 194/485
Running dot for graph 195/485
Running dot for graph 196/485
Running dot for graph 197/485
Running dot for graph 198/485
Running dot for graph 199/485
Running dot for graph 200/485
Running dot for graph 201/485
Running dot for graph 202/485
Running dot for graph 203/485
Running dot for graph 204/485
Running dot for graph 205/485
Running dot for graph 206/485
Running dot for graph 207/485
Running dot for graph 208/485
Running dot for graph 209/485
Running dot for graph 210/485
Running dot for graph 211/485
Running dot for graph 212/485
Running dot for graph 213/485
Running dot for graph 214/485
Running dot for graph 215/485
Running dot for graph 216/485
Running dot for graph 217/485
Running dot for graph 218/485
Running dot for graph 219/485
Running dot for graph 220/485
Running dot for graph 221/485
Running dot for graph 222/485
Running dot for graph 223/485
Running dot for graph 224/485
Running dot for graph 225/485
Running dot for graph 226/485
Running dot for graph 227/485
Running dot for graph 228/485
Running dot for graph 229/485
Running dot for graph 230/485
Running dot for graph 231/485
Running dot for graph 232/485
Running dot for graph 233/485
Running dot for graph 234/485
Running dot for graph 235/485
Running dot for graph 236/485
Running dot for graph 237/485
Running dot for graph 238/485
Running dot for graph 239/485
Running dot for graph 240/485
Running dot for graph 241/485
Running dot for graph 242/485
Running dot for graph 243/485
Running dot for graph 244/485
Running dot for graph 245/485
Running dot for graph 246/485
Running dot for graph 247/485
Running dot for graph 248/485
Running dot for graph 249/485
Running dot for graph 250/485
Running dot for graph 251/485
Running dot for graph 252/485
Running dot for graph 253/485
Running dot for graph 254/485
Running dot for graph 255/485
Running dot for graph 256/485
Running dot for graph 257/485
Running dot for graph 258/485
Running dot for graph 259/485
Running dot for graph 260/485
Running dot for graph 261/485
Running dot for graph 262/485
Running dot for graph 263/485
Running dot for graph 264/485
Running dot for graph 265/485
Running dot for graph 266/485
Running dot for graph 267/485
Running dot for graph 268/485
Running dot for graph 269/485
Running dot for graph 270/485
Running dot for graph 271/485
Running dot for graph 272/485
Running dot for graph 273/485
Running dot for graph 274/485
Running dot for graph 275/485
Running dot for graph 276/485
Running dot for graph 277/485
Running dot for graph 278/485
Running dot for graph 279/485
Running dot for graph 280/485
Running dot for graph 281/485
Running dot for graph 282/485
Running dot for graph 283/485
Running dot for graph 284/485
Running dot for graph 285/485
Running dot for graph 286/485
Running dot for graph 287/485
Running dot for graph 288/485
Running dot for graph 289/485
Running dot for graph 290/485
Running dot for graph 291/485
Running dot for graph 292/485
Running dot for graph 293/485
Running dot for graph 294/485
Running dot for graph 295/485
Running dot for graph 296/485
Running dot for graph 297/485
Running dot for graph 298/485
Running dot for graph 299/485
Running dot for graph 300/485
Running dot for graph 301/485
Running dot for graph 302/485
Running dot for graph 303/485
Running dot for graph 304/485
Running dot for graph 305/485
Running dot for graph 306/485
Running dot for graph 307/485
Running dot for graph 308/485
Running dot for graph 309/485
Running dot for graph 310/485
Running dot for graph 311/485
Running dot for graph 312/485
Running dot for graph 313/485
Running dot for graph 314/485
Running dot for graph 315/485
Running dot for graph 316/485
Running dot for graph 317/485
Running dot for graph 318/485
Running dot for graph 319/485
Running dot for graph 320/485
Running dot for graph 321/485
Running dot for graph 322/485
Running dot for graph 323/485
Running dot for graph 324/485
Running dot for graph 325/485
Running dot for graph 326/485
Running dot for graph 327/485
Running dot for graph 328/485
Running dot for graph 329/485
Running dot for graph 330/485
Running dot for graph 331/485
Running dot for graph 332/485
Running dot for graph 333/485
Running dot for graph 334/485
Running dot for graph 335/485
Running dot for graph 336/485
Running dot for graph 337/485
Running dot for graph 338/485
Running dot for graph 339/485
Running dot for graph 340/485
Running dot for graph 341/485
Running dot for graph 342/485
Running dot for graph 343/485
Running dot for graph 344/485
Running dot for graph 345/485
Running dot for graph 346/485
Running dot for graph 347/485
Running dot for graph 348/485
Running dot for graph 349/485
Running dot for graph 350/485
Running dot for graph 351/485
Running dot for graph 352/485
Running dot for graph 353/485
Running dot for graph 354/485
Running dot for graph 355/485
Running dot for graph 356/485
Running dot for graph 357/485
Running dot for graph 358/485
Running dot for graph 359/485
Running dot for graph 360/485
Running dot for graph 361/485
Running dot for graph 362/485
Running dot for graph 363/485
Running dot for graph 364/485
Running dot for graph 365/485
Running dot for graph 366/485
Running dot for graph 367/485
Running dot for graph 368/485
Running dot for graph 369/485
Running dot for graph 370/485
Running dot for graph 371/485
Running dot for graph 372/485
Running dot for graph 373/485
Running dot for graph 374/485
Running dot for graph 375/485
Running dot for graph 376/485
Running dot for graph 377/485
Running dot for graph 378/485
Running dot for graph 379/485
Running dot for graph 380/485
Running dot for graph 381/485
Running dot for graph 382/485
Running dot for graph 383/485
Running dot for graph 384/485
Running dot for graph 385/485
Running dot for graph 386/485
Running dot for graph 387/485
Running dot for graph 388/485
Running dot for graph 389/485
Running dot for graph 390/485
Running dot for graph 391/485
Running dot for graph 392/485
Running dot for graph 393/485
Running dot for graph 394/485
Running dot for graph 395/485
Running dot for graph 396/485
Running dot for graph 397/485
Running dot for graph 398/485
Running dot for graph 399/485
Running dot for graph 400/485
Running dot for graph 401/485
Running dot for graph 402/485
Running dot for graph 403/485
Running dot for graph 404/485
Running dot for graph 405/485
Running dot for graph 406/485
Running dot for graph 407/485
Running dot for graph 408/485
Running dot for graph 409/485
Running dot for graph 410/485
Running dot for graph 411/485
Running dot for graph 412/485
Running dot for graph 413/485
Running dot for graph 414/485
Running dot for graph 415/485
Running dot for graph 416/485
Running dot for graph 417/485
Running dot for graph 418/485
Running dot for graph 419/485
Running dot for graph 420/485
Running dot for graph 421/485
Running dot for graph 422/485
Running dot for graph 423/485
Running dot for graph 424/485
Running dot for graph 425/485
Running dot for graph 426/485
Running dot for graph 427/485
Running dot for graph 428/485
Running dot for graph 429/485
Running dot for graph 430/485
Running dot for graph 431/485
Running dot for graph 432/485
Running dot for graph 433/485
Running dot for graph 434/485
Running dot for graph 435/485
Running dot for graph 436/485
Running dot for graph 437/485
Running dot for graph 438/485
Running dot for graph 439/485
Running dot for graph 440/485
Running dot for graph 441/485
Running dot for graph 442/485
Running dot for graph 443/485
Running dot for graph 444/485
Running dot for graph 445/485
Running dot for graph 446/485
Running dot for graph 447/485
Running dot for graph 448/485
Running dot for graph 449/485
Running dot for graph 450/485
Running dot for graph 451/485
Running dot for graph 452/485
Running dot for graph 453/485
Running dot for graph 454/485
Running dot for graph 455/485
Running dot for graph 456/485
Running dot for graph 457/485
Running dot for graph 458/485
Running dot for graph 459/485
Running dot for graph 460/485
Running dot for graph 461/485
Running dot for graph 462/485
Running dot for graph 463/485
Running dot for graph 464/485
Running dot for graph 465/485
Running dot for graph 466/485
Running dot for graph 467/485
Running dot for graph 468/485
Running dot for graph 469/485
Running dot for graph 470/485
Running dot for graph 471/485
Running dot for graph 472/485
Running dot for graph 473/485
Running dot for graph 474/485
Running dot for graph 475/485
Running dot for graph 476/485
Running dot for graph 477/485
Running dot for graph 478/485
Running dot for graph 479/485
Running dot for graph 480/485
Running dot for graph 481/485
Running dot for graph 482/485
Running dot for graph 483/485
Running dot for graph 484/485
Running dot for graph 485/485
Patching output file 1/525
Patching output file 2/525
Patching output file 3/525
Patching output file 4/525
Patching output file 5/525
Patching output file 6/525
Patching output file 7/525
Patching output file 8/525
Patching output file 9/525
Patching output file 10/525
Patching output file 11/525
Patching output file 12/525
Patching output file 13/525
Patching output file 14/525
Patching output file 15/525
Patching output file 16/525
Patching output file 17/525
Patching output file 18/525
Patching output file 19/525
Patching output file 20/525
Patching output file 21/525
Patching output file 22/525
Patching output file 23/525
Patching output file 24/525
Patching output file 25/525
Patching output file 26/525
Patching output file 27/525
Patching output file 28/525
Patching output file 29/525
Patching output file 30/525
Patching output file 31/525
Patching output file 32/525
Patching output file 33/525
Patching output file 34/525
Patching output file 35/525
Patching output file 36/525
Patching output file 37/525
Patching output file 38/525
Patching output file 39/525
Patching output file 40/525
Patching output file 41/525
Patching output file 42/525
Patching output file 43/525
Patching output file 44/525
Patching output file 45/525
Patching output file 46/525
Patching output file 47/525
Patching output file 48/525
Patching output file 49/525
Patching output file 50/525
Patching output file 51/525
Patching output file 52/525
Patching output file 53/525
Patching output file 54/525
Patching output file 55/525
Patching output file 56/525
Patching output file 57/525
Patching output file 58/525
Patching output file 59/525
Patching output file 60/525
Patching output file 61/525
Patching output file 62/525
Patching output file 63/525
Patching output file 64/525
Patching output file 65/525
Patching output file 66/525
Patching output file 67/525
Patching output file 68/525
Patching output file 69/525
Patching output file 70/525
Patching output file 71/525
Patching output file 72/525
Patching output file 73/525
Patching output file 74/525
Patching output file 75/525
Patching output file 76/525
Patching output file 77/525
Patching output file 78/525
Patching output file 79/525
Patching output file 80/525
Patching output file 81/525
Patching output file 82/525
Patching output file 83/525
Patching output file 84/525
Patching output file 85/525
Patching output file 86/525
Patching output file 87/525
Patching output file 88/525
Patching output file 89/525
Patching output file 90/525
Patching output file 91/525
Patching output file 92/525
Patching output file 93/525
Patching output file 94/525
Patching output file 95/525
Patching output file 96/525
Patching output file 97/525
Patching output file 98/525
Patching output file 99/525
Patching output file 100/525
Patching output file 101/525
Patching output file 102/525
Patching output file 103/525
Patching output file 104/525
Patching output file 105/525
Patching output file 106/525
Patching output file 107/525
Patching output file 108/525
Patching output file 109/525
Patching output file 110/525
Patching output file 111/525
Patching output file 112/525
Patching output file 113/525
Patching output file 114/525
Patching output file 115/525
Patching output file 116/525
Patching output file 117/525
Patching output file 118/525
Patching output file 119/525
Patching output file 120/525
Patching output file 121/525
Patching output file 122/525
Patching output file 123/525
Patching output file 124/525
Patching output file 125/525
Patching output file 126/525
Patching output file 127/525
Patching output file 128/525
Patching output file 129/525
Patching output file 130/525
Patching output file 131/525
Patching output file 132/525
Patching output file 133/525
Patching output file 134/525
Patching output file 135/525
Patching output file 136/525
Patching output file 137/525
Patching output file 138/525
Patching output file 139/525
Patching output file 140/525
Patching output file 141/525
Patching output file 142/525
Patching output file 143/525
Patching output file 144/525
Patching output file 145/525
Patching output file 146/525
Patching output file 147/525
Patching output file 148/525
Patching output file 149/525
Patching output file 150/525
Patching output file 151/525
Patching output file 152/525
Patching output file 153/525
Patching output file 154/525
Patching output file 155/525
Patching output file 156/525
Patching output file 157/525
Patching output file 158/525
Patching output file 159/525
Patching output file 160/525
Patching output file 161/525
Patching output file 162/525
Patching output file 163/525
Patching output file 164/525
Patching output file 165/525
Patching output file 166/525
Patching output file 167/525
Patching output file 168/525
Patching output file 169/525
Patching output file 170/525
Patching output file 171/525
Patching output file 172/525
Patching output file 173/525
Patching output file 174/525
Patching output file 175/525
Patching output file 176/525
Patching output file 177/525
Patching output file 178/525
Patching output file 179/525
Patching output file 180/525
Patching output file 181/525
Patching output file 182/525
Patching output file 183/525
Patching output file 184/525
Patching output file 185/525
Patching output file 186/525
Patching output file 187/525
Patching output file 188/525
Patching output file 189/525
Patching output file 190/525
Patching output file 191/525
Patching output file 192/525
Patching output file 193/525
Patching output file 194/525
Patching output file 195/525
Patching output file 196/525
Patching output file 197/525
Patching output file 198/525
Patching output file 199/525
Patching output file 200/525
Patching output file 201/525
Patching output file 202/525
Patching output file 203/525
Patching output file 204/525
Patching output file 205/525
Patching output file 206/525
Patching output file 207/525
Patching output file 208/525
Patching output file 209/525
Patching output file 210/525
Patching output file 211/525
Patching output file 212/525
Patching output file 213/525
Patching output file 214/525
Patching output file 215/525
Patching output file 216/525
Patching output file 217/525
Patching output file 218/525
Patching output file 219/525
Patching output file 220/525
Patching output file 221/525
Patching output file 222/525
Patching output file 223/525
Patching output file 224/525
Patching output file 225/525
Patching output file 226/525
Patching output file 227/525
Patching output file 228/525
Patching output file 229/525
Patching output file 230/525
Patching output file 231/525
Patching output file 232/525
Patching output file 233/525
Patching output file 234/525
Patching output file 235/525
Patching output file 236/525
Patching output file 237/525
Patching output file 238/525
Patching output file 239/525
Patching output file 240/525
Patching output file 241/525
Patching output file 242/525
Patching output file 243/525
Patching output file 244/525
Patching output file 245/525
Patching output file 246/525
Patching output file 247/525
Patching output file 248/525
Patching output file 249/525
Patching output file 250/525
Patching output file 251/525
Patching output file 252/525
Patching output file 253/525
Patching output file 254/525
Patching output file 255/525
Patching output file 256/525
Patching output file 257/525
Patching output file 258/525
Patching output file 259/525
Patching output file 260/525
Patching output file 261/525
Patching output file 262/525
Patching output file 263/525
Patching output file 264/525
Patching output file 265/525
Patching output file 266/525
Patching output file 267/525
Patching output file 268/525
Patching output file 269/525
Patching output file 270/525
Patching output file 271/525
Patching output file 272/525
Patching output file 273/525
Patching output file 274/525
Patching output file 275/525
Patching output file 276/525
Patching output file 277/525
Patching output file 278/525
Patching output file 279/525
Patching output file 280/525
Patching output file 281/525
Patching output file 282/525
Patching output file 283/525
Patching output file 284/525
Patching output file 285/525
Patching output file 286/525
Patching output file 287/525
Patching output file 288/525
Patching output file 289/525
Patching output file 290/525
Patching output file 291/525
Patching output file 292/525
Patching output file 293/525
Patching output file 294/525
Patching output file 295/525
Patching output file 296/525
Patching output file 297/525
Patching output file 298/525
Patching output file 299/525
Patching output file 300/525
Patching output file 301/525
Patching output file 302/525
Patching output file 303/525
Patching output file 304/525
Patching output file 305/525
Patching output file 306/525
Patching output file 307/525
Patching output file 308/525
Patching output file 309/525
Patching output file 310/525
Patching output file 311/525
Patching output file 312/525
Patching output file 313/525
Patching output file 314/525
Patching output file 315/525
Patching output file 316/525
Patching output file 317/525
Patching output file 318/525
Patching output file 319/525
Patching output file 320/525
Patching output file 321/525
Patching output file 322/525
Patching output file 323/525
Patching output file 324/525
Patching output file 325/525
Patching output file 326/525
Patching output file 327/525
Patching output file 328/525
Patching output file 329/525
Patching output file 330/525
Patching output file 331/525
Patching output file 332/525
Patching output file 333/525
Patching output file 334/525
Patching output file 335/525
Patching output file 336/525
Patching output file 337/525
Patching output file 338/525
Patching output file 339/525
Patching output file 340/525
Patching output file 341/525
Patching output file 342/525
Patching output file 343/525
Patching output file 344/525
Patching output file 345/525
Patching output file 346/525
Patching output file 347/525
Patching output file 348/525
Patching output file 349/525
Patching output file 350/525
Patching output file 351/525
Patching output file 352/525
Patching output file 353/525
Patching output file 354/525
Patching output file 355/525
Patching output file 356/525
Patching output file 357/525
Patching output file 358/525
Patching output file 359/525
Patching output file 360/525
Patching output file 361/525
Patching output file 362/525
Patching output file 363/525
Patching output file 364/525
Patching output file 365/525
Patching output file 366/525
Patching output file 367/525
Patching output file 368/525
Patching output file 369/525
Patching output file 370/525
Patching output file 371/525
Patching output file 372/525
Patching output file 373/525
Patching output file 374/525
Patching output file 375/525
Patching output file 376/525
Patching output file 377/525
Patching output file 378/525
Patching output file 379/525
Patching output file 380/525
Patching output file 381/525
Patching output file 382/525
Patching output file 383/525
Patching output file 384/525
Patching output file 385/525
Patching output file 386/525
Patching output file 387/525
Patching output file 388/525
Patching output file 389/525
Patching output file 390/525
Patching output file 391/525
Patching output file 392/525
Patching output file 393/525
Patching output file 394/525
Patching output file 395/525
Patching output file 396/525
Patching output file 397/525
Patching output file 398/525
Patching output file 399/525
Patching output file 400/525
Patching output file 401/525
Patching output file 402/525
Patching output file 403/525
Patching output file 404/525
Patching output file 405/525
Patching output file 406/525
Patching output file 407/525
Patching output file 408/525
Patching output file 409/525
Patching output file 410/525
Patching output file 411/525
Patching output file 412/525
Patching output file 413/525
Patching output file 414/525
Patching output file 415/525
Patching output file 416/525
Patching output file 417/525
Patching output file 418/525
Patching output file 419/525
Patching output file 420/525
Patching output file 421/525
Patching output file 422/525
Patching output file 423/525
Patching output file 424/525
Patching output file 425/525
Patching output file 426/525
Patching output file 427/525
Patching output file 428/525
Patching output file 429/525
Patching output file 430/525
Patching output file 431/525
Patching output file 432/525
Patching output file 433/525
Patching output file 434/525
Patching output file 435/525
Patching output file 436/525
Patching output file 437/525
Patching output file 438/525
Patching output file 439/525
Patching output file 440/525
Patching output file 441/525
Patching output file 442/525
Patching output file 443/525
Patching output file 444/525
Patching output file 445/525
Patching output file 446/525
Patching output file 447/525
Patching output file 448/525
Patching output file 449/525
Patching output file 450/525
Patching output file 451/525
Patching output file 452/525
Patching output file 453/525
Patching output file 454/525
Patching output file 455/525
Patching output file 456/525
Patching output file 457/525
Patching output file 458/525
Patching output file 459/525
Patching output file 460/525
Patching output file 461/525
Patching output file 462/525
Patching output file 463/525
Patching output file 464/525
Patching output file 465/525
Patching output file 466/525
Patching output file 467/525
Patching output file 468/525
Patching output file 469/525
Patching output file 470/525
Patching output file 471/525
Patching output file 472/525
Patching output file 473/525
Patching output file 474/525
Patching output file 475/525
Patching output file 476/525
Patching output file 477/525
Patching output file 478/525
Patching output file 479/525
Patching output file 480/525
Patching output file 481/525
Patching output file 482/525
Patching output file 483/525
Patching output file 484/525
Patching output file 485/525
Patching output file 486/525
Patching output file 487/525
Patching output file 488/525
Patching output file 489/525
Patching output file 490/525
Patching output file 491/525
Patching output file 492/525
Patching output file 493/525
Patching output file 494/525
Patching output file 495/525
Patching output file 496/525
Patching output file 497/525
Patching output file 498/525
Patching output file 499/525
Patching output file 500/525
Patching output file 501/525
Patching output file 502/525
Patching output file 503/525
Patching output file 504/525
Patching output file 505/525
Patching output file 506/525
Patching output file 507/525
Patching output file 508/525
Patching output file 509/525
Patching output file 510/525
Patching output file 511/525
Patching output file 512/525
Patching output file 513/525
Patching output file 514/525
Patching output file 515/525
Patching output file 516/525
Patching output file 517/525
Patching output file 518/525
Patching output file 519/525
Patching output file 520/525
Patching output file 521/525
Patching output file 522/525
Patching output file 523/525
Patching output file 524/525
Patching output file 525/525
type lookup cache used 960/65536 hits=3042 misses=990
symbol lookup cache used 2365/65536 hits=39179 misses=2365
finished...
